<?xml version="1.0" encoding="UTF-8"?>
<!-- Generated by org.testng.reporters.JUnitReportReporter -->
<testsuite hostname="C40-SF-22" name="automationFramework.PostTweet" tests="1" failures="0" timestamp="20 Dec 2016 11:52:18 GMT" time="21.389" errors="0">
  <testcase name="doTweet" time="21.389" classname="automationFramework.PostTweet"/>
</testsuite> <!-- automationFramework.PostTweet -->
