<?xml version="1.0" encoding="UTF-8"?>
<!-- Generated by org.testng.reporters.JUnitReportReporter -->
<testsuite hostname="C40-SF-22" name="automationFramework.TestSignIn" tests="1" failures="0" timestamp="20 Dec 2016 11:44:15 GMT" time="21.518" errors="0">
  <testcase name="doSignIn" time="21.518" classname="automationFramework.TestSignIn"/>
</testsuite> <!-- automationFramework.TestSignIn -->
